<?xml version="1.0" encoding="UTF-8"?>
<testng-results ignored="0" total="1" passed="1" failed="0" skipped="0">
  <reporter-output>
  </reporter-output>
  <suite started-at="2022-12-22T03:33:05Z" name="Default suite" finished-at="2022-12-22T03:33:13Z" duration-ms="8702">
    <groups>
    </groups>
    <test started-at="2022-12-22T03:33:05Z" name="Default test" finished-at="2022-12-22T03:33:13Z" duration-ms="8702">
      <class name="AssigmentWeek16.ValidatePurchaseOfItem">
        <test-method is-config="true" signature="setUp()[pri:0, instance:AssigmentWeek16.ValidatePurchaseOfItem@36b4091c]" started-at="2022-12-22T03:33:05Z" name="setUp" finished-at="2022-12-22T03:33:09Z" duration-ms="3731" status="PASS">
          <reporter-output>
          </reporter-output>
        </test-method> <!-- setUp -->
        <test-method signature="validatePurchaseOfItem()[pri:0, instance:AssigmentWeek16.ValidatePurchaseOfItem@36b4091c]" started-at="2022-12-22T03:33:09Z" name="validatePurchaseOfItem" finished-at="2022-12-22T03:33:13Z" duration-ms="4720" status="PASS">
          <reporter-output>
          </reporter-output>
        </test-method> <!-- validatePurchaseOfItem -->
        <test-method is-config="true" signature="tearDown()[pri:0, instance:AssigmentWeek16.ValidatePurchaseOfItem@36b4091c]" started-at="2022-12-22T03:33:13Z" name="tearDown" finished-at="2022-12-22T03:33:13Z" duration-ms="231" status="PASS">
          <reporter-output>
          </reporter-output>
        </test-method> <!-- tearDown -->
      </class> <!-- AssigmentWeek16.ValidatePurchaseOfItem -->
    </test> <!-- Default test -->
  </suite> <!-- Default suite -->
</testng-results>
