<?xml version="1.0" encoding="UTF-8"?>
<testng-results ignored="0" total="1" passed="1" failed="0" skipped="0">
  <reporter-output>
  </reporter-output>
  <suite started-at="2022-12-15T03:26:41Z" name="Default suite" finished-at="2022-12-15T03:27:29Z" duration-ms="47414">
    <groups>
    </groups>
    <test started-at="2022-12-15T03:26:41Z" name="Default test" finished-at="2022-12-15T03:27:29Z" duration-ms="47414">
      <class name="com.Daman.SeleniumAssignment.PlaceOrder">
        <test-method is-config="true" signature="setUp()[pri:0, instance:com.Daman.SeleniumAssignment.PlaceOrder@481ba2cf]" started-at="2022-12-15T03:26:41Z" name="setUp" finished-at="2022-12-15T03:26:53Z" duration-ms="11214" status="PASS">
          <reporter-output>
          </reporter-output>
        </test-method> <!-- setUp -->
        <test-method signature="verifyOrderPlaced()[pri:1, instance:com.Daman.SeleniumAssignment.PlaceOrder@481ba2cf]" started-at="2022-12-15T03:26:53Z" name="verifyOrderPlaced" finished-at="2022-12-15T03:27:28Z" duration-ms="35801" status="PASS">
          <reporter-output>
          </reporter-output>
        </test-method> <!-- verifyOrderPlaced -->
        <test-method is-config="true" signature="tearDown()[pri:0, instance:com.Daman.SeleniumAssignment.PlaceOrder@481ba2cf]" started-at="2022-12-15T03:27:28Z" name="tearDown" finished-at="2022-12-15T03:27:29Z" duration-ms="334" status="PASS">
          <reporter-output>
          </reporter-output>
        </test-method> <!-- tearDown -->
      </class> <!-- com.Daman.SeleniumAssignment.PlaceOrder -->
    </test> <!-- Default test -->
  </suite> <!-- Default suite -->
</testng-results>
